0 info it worked if it ends with ok
1 verbose cli [ 'D:\\Program Files\\nodejs\\node.exe',
1 verbose cli   'D:\\Program Files\\nodejs\\node_modules\\npm\\bin\\npm-cli.js',
1 verbose cli   'run',
1 verbose cli   'cli-lint' ]
2 info using npm@3.10.10
3 info using node@v6.9.4
4 verbose run-script [ 'precli-lint', 'cli-lint', 'postcli-lint' ]
5 info lifecycle workflow-modeler@1.0.0~precli-lint: workflow-modeler@1.0.0
6 silly lifecycle workflow-modeler@1.0.0~precli-lint: no script for precli-lint, continuing
7 info lifecycle workflow-modeler@1.0.0~cli-lint: workflow-modeler@1.0.0
8 verbose lifecycle workflow-modeler@1.0.0~cli-lint: unsafe-perm in lifecycle true
9 verbose lifecycle workflow-modeler@1.0.0~cli-lint: PATH: D:\Program Files\nodejs\node_modules\npm\bin\node-gyp-bin;D:\code\github\zte\winery\org.eclipse.winery.workflowmodeler\node_modules\.bin;C:\ProgramData\Oracle\Java\javapath;C:\Windows\system32;C:\Windows;C:\Windows\System32\Wbem;C:\Windows\System32\WindowsPowerShell\v1.0\;D:\Program Files\Java\jdk1.8.0_66\bin;D:\green\maven\m3\bin;D:\Program Files\Java\jdk1.8.0_66\jre\bin;D:\Program Files\Git\cmd;D:\Program Files\TortoiseGit\bin;D:\Program Files\TortoiseSVN\bin;D:\green\gradle-3.3\bin;D:\Program Files\nodejs\;C:\Users\Administrator\AppData\Roaming\npm
10 verbose lifecycle workflow-modeler@1.0.0~cli-lint: CWD: D:\code\github\zte\winery\org.eclipse.winery.workflowmodeler
11 silly lifecycle workflow-modeler@1.0.0~cli-lint: Args: [ '/d /s /c', 'ng lint' ]
12 silly lifecycle workflow-modeler@1.0.0~cli-lint: Returned: code: 2  signal: null
13 info lifecycle workflow-modeler@1.0.0~cli-lint: Failed to exec cli-lint script
14 verbose stack Error: workflow-modeler@1.0.0 cli-lint: `ng lint`
14 verbose stack Exit status 2
14 verbose stack     at EventEmitter.<anonymous> (D:\Program Files\nodejs\node_modules\npm\lib\utils\lifecycle.js:255:16)
14 verbose stack     at emitTwo (events.js:106:13)
14 verbose stack     at EventEmitter.emit (events.js:191:7)
14 verbose stack     at ChildProcess.<anonymous> (D:\Program Files\nodejs\node_modules\npm\lib\utils\spawn.js:40:14)
14 verbose stack     at emitTwo (events.js:106:13)
14 verbose stack     at ChildProcess.emit (events.js:191:7)
14 verbose stack     at maybeClose (internal/child_process.js:877:16)
14 verbose stack     at Process.ChildProcess._handle.onexit (internal/child_process.js:226:5)
15 verbose pkgid workflow-modeler@1.0.0
16 verbose cwd D:\code\github\zte\winery\org.eclipse.winery.workflowmodeler
17 error Windows_NT 6.1.7601
18 error argv "D:\\Program Files\\nodejs\\node.exe" "D:\\Program Files\\nodejs\\node_modules\\npm\\bin\\npm-cli.js" "run" "cli-lint"
19 error node v6.9.4
20 error npm  v3.10.10
21 error code ELIFECYCLE
22 error workflow-modeler@1.0.0 cli-lint: `ng lint`
22 error Exit status 2
23 error Failed at the workflow-modeler@1.0.0 cli-lint script 'ng lint'.
23 error Make sure you have the latest version of node.js and npm installed.
23 error If you do, this is most likely a problem with the workflow-modeler package,
23 error not with npm itself.
23 error Tell the author that this fails on your system:
23 error     ng lint
23 error You can get information on how to open an issue for this project with:
23 error     npm bugs workflow-modeler
23 error Or if that isn't available, you can get their info via:
23 error     npm owner ls workflow-modeler
23 error There is likely additional logging output above.
24 verbose exit [ 1, true ]
